Performing C SOURCE FILE Test CMAKE_HAVE_LIBC_PTHREAD failed with the following output:
Change Dir: /home/KALYANBHETWAL/parflowio/build/CMakeFiles/CMakeTmp

Run Build Command(s):/usr/bin/gmake cmTC_ba703/fast && /usr/bin/gmake -f CMakeFiles/cmTC_ba703.dir/build.make CMakeFiles/cmTC_ba703.dir/build
gmake[1]: Entering directory '/home/KALYANBHETWAL/parflowio/build/CMakeFiles/CMakeTmp'
Building C object CMakeFiles/cmTC_ba703.dir/src.c.o
/usr/bin/cc   -DCMAKE_HAVE_LIBC_PTHREAD   -o CMakeFiles/cmTC_ba703.dir/src.c.o   -c /home/KALYANBHETWAL/parflowio/build/CMakeFiles/CMakeTmp/src.c
Linking C executable cmTC_ba703
/usr/local/apps/cmake/bin/cmake -E cmake_link_script CMakeFiles/cmTC_ba703.dir/link.txt --verbose=1
/usr/bin/cc  -DCMAKE_HAVE_LIBC_PTHREAD    -rdynamic CMakeFiles/cmTC_ba703.dir/src.c.o  -o cmTC_ba703 
CMakeFiles/cmTC_ba703.dir/src.c.o: In function `main':
src.c:(.text+0x2d): undefined reference to `pthread_create'
src.c:(.text+0x39): undefined reference to `pthread_detach'
src.c:(.text+0x4a): undefined reference to `pthread_join'
collect2: error: ld returned 1 exit status
gmake[1]: *** [CMakeFiles/cmTC_ba703.dir/build.make:87: cmTC_ba703] Error 1
gmake[1]: Leaving directory '/home/KALYANBHETWAL/parflowio/build/CMakeFiles/CMakeTmp'
gmake: *** [Makefile:121: cmTC_ba703/fast] Error 2


Source file was:
#include <pthread.h>

void* test_func(void* data)
{
  return data;
}

int main(void)
{
  pthread_t thread;
  pthread_create(&thread, NULL, test_func, NULL);
  pthread_detach(thread);
  pthread_join(thread, NULL);
  pthread_atfork(NULL, NULL, NULL);
  pthread_exit(NULL);

  return 0;
}

Determining if the function pthread_create exists in the pthreads failed with the following output:
Change Dir: /home/KALYANBHETWAL/parflowio/build/CMakeFiles/CMakeTmp

Run Build Command(s):/usr/bin/gmake cmTC_e377c/fast && /usr/bin/gmake -f CMakeFiles/cmTC_e377c.dir/build.make CMakeFiles/cmTC_e377c.dir/build
gmake[1]: Entering directory '/home/KALYANBHETWAL/parflowio/build/CMakeFiles/CMakeTmp'
Building C object CMakeFiles/cmTC_e377c.dir/CheckFunctionExists.c.o
/usr/bin/cc   -DCHECK_FUNCTION_EXISTS=pthread_create   -o CMakeFiles/cmTC_e377c.dir/CheckFunctionExists.c.o   -c /usr/local/apps/cmake/share/cmake-3.15/Modules/CheckFunctionExists.c
Linking C executable cmTC_e377c
/usr/local/apps/cmake/bin/cmake -E cmake_link_script CMakeFiles/cmTC_e377c.dir/link.txt --verbose=1
/usr/bin/cc  -DCHECK_FUNCTION_EXISTS=pthread_create    -rdynamic CMakeFiles/cmTC_e377c.dir/CheckFunctionExists.c.o  -o cmTC_e377c -lpthreads 
/usr/bin/ld: cannot find -lpthreads
collect2: error: ld returned 1 exit status
gmake[1]: *** [CMakeFiles/cmTC_e377c.dir/build.make:87: cmTC_e377c] Error 1
gmake[1]: Leaving directory '/home/KALYANBHETWAL/parflowio/build/CMakeFiles/CMakeTmp'
gmake: *** [Makefile:121: cmTC_e377c/fast] Error 2



